<?xml version="1.0" encoding="UTF-8"?>
<!-- Generated by org.testng.reporters.JUnitXMLReporter -->
<testsuite hostname="HSB-HP" name="Free CRM App Test Cases 2" tests="3" failures="3" timestamp="1 Apr 2018 15:29:53 GMT" time="57.289" errors="0">
  <testcase name="loginPageTitleTest" time="0.002" classname="com.crm.qa.testcases.LoginPageTest">
    <failure type="java.lang.NullPointerException">
      <![CDATA[java.lang.NullPointerException
	at com.crm.qa.testcases.LoginPageTest.loginPageTitleTest(LoginPageTest.java:38)
... Removed 24 stack frames]]>
    </failure>
  </testcase> <!-- loginPageTitleTest -->
  <testcase name="crmLogoImageTest" time="0.003" classname="com.crm.qa.testcases.LoginPageTest">
    <failure type="java.lang.NullPointerException">
      <![CDATA[java.lang.NullPointerException
	at com.crm.qa.testcases.LoginPageTest.crmLogoImageTest(LoginPageTest.java:45)
... Removed 24 stack frames]]>
    </failure>
  </testcase> <!-- crmLogoImageTest -->
  <testcase name="loginTest" time="0.004" classname="com.crm.qa.testcases.LoginPageTest">
    <failure type="java.lang.NullPointerException">
      <![CDATA[java.lang.NullPointerException
	at com.crm.qa.testcases.LoginPageTest.loginTest(LoginPageTest.java:52)
... Removed 24 stack frames]]>
    </failure>
  </testcase> <!-- loginTest -->
</testsuite> <!-- Free CRM App Test Cases 2 -->
