<?xml version="1.0" encoding="UTF-8"?>
<!-- Generated by org.testng.reporters.JUnitXMLReporter -->
<testsuite hostname="HSB-HP" name="Free CRM App Test Cases" tests="3" failures="1" timestamp="1 Apr 2018 15:35:26 GMT" time="46.484" errors="0">
  <testcase name="loginPageTitleTest" time="0.15" classname="com.crm.qa.testcases.LoginPageTest">
    <failure type="java.lang.AssertionError" message="expected [#1 Free CRM for Any Business: Online Customer Relationship Software] but found [Meilleures Caractéristiques de CRM Pro et Meilleure Valeur du RSI de CRM Web Hébergé des logiciels CRM]">
      <![CDATA[java.lang.AssertionError: expected [#1 Free CRM for Any Business: Online Customer Relationship Software] but found [Meilleures Caractéristiques de CRM Pro et Meilleure Valeur du RSI de CRM Web Hébergé des logiciels CRM]
	at com.crm.qa.testcases.LoginPageTest.loginPageTitleTest(LoginPageTest.java:37)
... Removed 29 stack frames]]>
    </failure>
  </testcase> <!-- loginPageTitleTest -->
  <testcase name="crmLogoImageTest" time="0.148" classname="com.crm.qa.testcases.LoginPageTest"/>
  <testcase name="loginTest" time="4.621" classname="com.crm.qa.testcases.LoginPageTest"/>
</testsuite> <!-- Free CRM App Test Cases -->
