<?xml version="1.0" encoding="UTF-8"?>
<!-- Generated by org.testng.reporters.JUnitXMLReporter -->
<testsuite hostname="HSB-HP" name="Default test" tests="5" failures="0" timestamp="1 Apr 2018 19:11:21 GMT" time="83.673" errors="0">
  <testcase name="verifyContactsPageLabel" time="1.536" classname="com.crm.qa.testcases.ContactsPageTest"/>
  <testcase name="selectSingleContactsTest" time="1.835" classname="com.crm.qa.testcases.ContactsPageTest"/>
  <testcase name="selectMultipleContactsTest" time="1.575" classname="com.crm.qa.testcases.ContactsPageTest"/>
  <testcase name="validateCreateNewContact" time="3.56" classname="com.crm.qa.testcases.ContactsPageTest"/>
  <testcase name="validateCreateNewContact" time="2.298" classname="com.crm.qa.testcases.ContactsPageTest"/>
</testsuite> <!-- Default test -->
